<?xml version="1.0" encoding="UTF-8"?>
<testsuite name="joy.world.fc.finalproject.core.util.BCryptEncryptorTest" tests="1" skipped="0" failures="0" errors="0" timestamp="2022-01-13T07:45:00" hostname="DESKTOP-KCA2MSQ" time="0.19">
  <properties/>
  <testcase name="test()" classname="joy.world.fc.finalproject.core.util.BCryptEncryptorTest" time="0.19"/>
  <system-out><![CDATA[]]></system-out>
  <system-err><![CDATA[]]></system-err>
</testsuite>
